%このファイルは日本語文字を含みます.
\BOOKMARK [0][]{chapter.1}{1 はじめに}{}% 1
\BOOKMARK [0][]{chapter.2}{2 研究の準備}{}% 2
\BOOKMARK [1][]{section.2.1}{2.1 Modelica言語}{chapter.2}% 3
\BOOKMARK [2][]{subsection.2.1.1}{2.1.1 Modelica標準ライブラリ（MSL）}{section.2.1}% 4
\BOOKMARK [1][]{section.2.2}{2.2 OpenModelica}{chapter.2}% 5
\BOOKMARK [2][]{subsection.2.2.1}{2.2.1 出力}{section.2.2}% 6
\BOOKMARK [1][]{section.2.3}{2.3 対応するモデル}{chapter.2}% 7
\BOOKMARK [2][]{subsection.2.3.1}{2.3.1 ブラシ付きDCモータのModelicaモデル}{section.2.3}% 8
\BOOKMARK [2][]{subsection.2.3.2}{2.3.2 ブラシ付きDCモータのModelicaモデルをサブシステムとするモデル}{section.2.3}% 9
\BOOKMARK [2][]{subsection.2.3.3}{2.3.3 モデル作成時の制約}{section.2.3}% 10
\BOOKMARK [1][]{section.2.4}{2.4 ブラシ付きDCモータ}{chapter.2}% 11
\BOOKMARK [1][]{section.2.5}{2.5 モータ特性表}{chapter.2}% 12
\BOOKMARK [1][]{section.2.6}{2.6 Python}{chapter.2}% 13
\BOOKMARK [0][]{chapter.3}{3 機能}{}% 14
\BOOKMARK [1][]{section.3.1}{3.1 モータ特性表生成}{chapter.3}% 15
\BOOKMARK [2][]{subsection.3.1.1}{3.1.1 特性表}{section.3.1}% 16
\BOOKMARK [2][]{subsection.3.1.2}{3.1.2 特性グラフ}{section.3.1}% 17
\BOOKMARK [1][]{section.3.2}{3.2 ツールの実行}{chapter.3}% 18
\BOOKMARK [1][]{section.3.3}{3.3 エラー表示}{chapter.3}% 19
\BOOKMARK [0][]{chapter.4}{4 実装}{}% 20
\BOOKMARK [1][]{section.4.1}{4.1 モータ特性表生成機能}{chapter.4}% 21
\BOOKMARK [2][]{subsection.4.1.1}{4.1.1 実行コマンドの取得}{section.4.1}% 22
\BOOKMARK [2][]{subsection.4.1.2}{4.1.2 csvファイルの読み込み}{section.4.1}% 23
\BOOKMARK [1][]{section.4.2}{4.2 第2引数、第3引数で指定されたモジュールが持つデータを、csvファイルから取得}{chapter.4}% 24
\BOOKMARK [2][]{subsection.4.2.1}{4.2.1 モータ特性表の各要素を算出する}{section.4.2}% 25
\BOOKMARK [2][]{subsection.4.2.2}{4.2.2 特性表を生成}{section.4.2}% 26
\BOOKMARK [1][]{section.4.3}{4.3 ツールの実行機能}{chapter.4}% 27
\BOOKMARK [1][]{section.4.4}{4.4 エラー表示機能}{chapter.4}% 28
\BOOKMARK [0][]{chapter.5}{5 適用例}{}% 29
\BOOKMARK [1][]{section.5.1}{5.1 モータ単体のモデル}{chapter.5}% 30
\BOOKMARK [1][]{section.5.2}{5.2 モータ単体のModelicaモデルをサブシステムとするモデル}{chapter.5}% 31
\BOOKMARK [0][]{chapter.6}{6 考察}{}% 32
\BOOKMARK [1][]{section.6.1}{6.1 評価}{chapter.6}% 33
\BOOKMARK [2][]{subsection.6.1.1}{6.1.1 評価方法}{section.6.1}% 34
\BOOKMARK [2][]{subsection.6.1.2}{6.1.2 結果}{section.6.1}% 35
\BOOKMARK [1][]{section.6.2}{6.2 関連研究}{chapter.6}% 36
\BOOKMARK [1][]{section.6.3}{6.3 ツールの問題点}{chapter.6}% 37
\BOOKMARK [0][]{chapter.7}{7 おわりに}{}% 38
\BOOKMARK [0][]{chapter.7}{謝辞}{}% 39
\BOOKMARK [0][]{chapter*.24}{参考文献}{}% 40
